# JRE version: OpenJDK Runtime Environment (8.0_181-b13) (build 1.8.0_181-8u181-b13-0ubuntu0.18.04.1-b13)
# Java VM: OpenJDK 64-Bit Server VM (25.181-b13 mixed mode linux-amd64 compressed oops)
Heap:
 PSYoungGen      total 930816K, used 11994K [0x000000076d000000, 0x00000007a7600000, 0x00000007c0000000)
  eden space 913920K, 0% used [0x000000076d000000,0x000000076d000000,0x00000007a4c80000)
  from space 16896K, 70% used [0x00000007a5500000,0x00000007a60b6930,0x00000007a6580000)
  to   space 10752K, 0% used [0x00000007a6b80000,0x00000007a6b80000,0x00000007a7600000)
 ParOldGen       total 167424K, used 39107K [0x00000006c7000000, 0x00000006d1380000, 0x000000076d000000)
  object space 167424K, 23% used [0x00000006c7000000,0x00000006c9630d90,0x00000006d1380000)
 Metaspace       used 58222K, capacity 58960K, committed 59160K, reserved 1101824K
  class space    used 7302K, capacity 7522K, committed 7600K, reserved 1048576K
GC Heap History (10 events):
Event: 36.148 GC heap after
Heap after GC invocations=18 (full 2):
 PSYoungGen      total 687616K, used 11241K [0x000000076d000000, 0x000000079a000000, 0x00000007c0000000)
  eden space 676352K, 0% used [0x000000076d000000,0x000000076d000000,0x0000000796480000)
  from space 11264K, 99% used [0x0000000797180000,0x0000000797c7a680,0x0000000797c80000)
  to   space 13312K, 0% used [0x0000000796480000,0x0000000796480000,0x0000000797180000)
 ParOldGen       total 167424K, used 20881K [0x00000006c7000000, 0x00000006d1380000, 0x000000076d000000)
  object space 167424K, 12% used [0x00000006c7000000,0x00000006c8464470,0x00000006d1380000)
 Metaspace       used 43626K, capacity 44104K, committed 44456K, reserved 1087488K
  class space    used 5323K, capacity 5446K, committed 5552K, reserved 1048576K
}
Event: 42.489 GC heap before
{Heap before GC invocations=19 (full 2):
 PSYoungGen      total 687616K, used 687593K [0x000000076d000000, 0x000000079a000000, 0x00000007c0000000)
  eden space 676352K, 100% used [0x000000076d000000,0x0000000796480000,0x0000000796480000)
  from space 11264K, 99% used [0x0000000797180000,0x0000000797c7a680,0x0000000797c80000)
  to   space 13312K, 0% used [0x0000000796480000,0x0000000796480000,0x0000000797180000)
 ParOldGen       total 167424K, used 20881K [0x00000006c7000000, 0x00000006d1380000, 0x000000076d000000)
  object space 167424K, 12% used [0x00000006c7000000,0x00000006c8464470,0x00000006d1380000)
 Metaspace       used 45947K, capacity 46430K, committed 46760K, reserved 1089536K
  class space    used 5636K, capacity 5769K, committed 5808K, reserved 1048576K
Event: 42.539 GC heap after
Heap after GC invocations=19 (full 2):
 PSYoungGen      total 689664K, used 6283K [0x000000076d000000, 0x000000079e700000, 0x00000007c0000000)
  eden space 676352K, 0% used [0x000000076d000000,0x000000076d000000,0x0000000796480000)
  from space 13312K, 47% used [0x0000000796480000,0x0000000796aa2dd8,0x0000000797180000)
  to   space 12800K, 0% used [0x000000079da80000,0x000000079da80000,0x000000079e700000)
 ParOldGen       total 167424K, used 31921K [0x00000006c7000000, 0x00000006d1380000, 0x000000076d000000)
  object space 167424K, 19% used [0x00000006c7000000,0x00000006c8f2c6f8,0x00000006d1380000)
 Metaspace       used 45947K, capacity 46430K, committed 46760K, reserved 1089536K
  class space    used 5636K, capacity 5769K, committed 5808K, reserved 1048576K
}
Event: 45.448 GC heap before
{Heap before GC invocations=20 (full 2):
 PSYoungGen      total 689664K, used 682635K [0x000000076d000000, 0x000000079e700000, 0x00000007c0000000)
  eden space 676352K, 100% used [0x000000076d000000,0x0000000796480000,0x0000000796480000)
  from space 13312K, 47% used [0x0000000796480000,0x0000000796aa2dd8,0x0000000797180000)
  to   space 12800K, 0% used [0x000000079da80000,0x000000079da80000,0x000000079e700000)
 ParOldGen       total 167424K, used 31921K [0x00000006c7000000, 0x00000006d1380000, 0x000000076d000000)
  object space 167424K, 19% used [0x00000006c7000000,0x00000006c8f2c6f8,0x00000006d1380000)
 Metaspace       used 47624K, capacity 48130K, committed 48552K, reserved 1091584K
  class space    used 5857K, capacity 5967K, committed 6064K, reserved 1048576K
Event: 45.496 GC heap after
Heap after GC invocations=20 (full 2):
 PSYoungGen      total 796160K, used 9971K [0x000000076d000000, 0x000000079f200000, 0x00000007c0000000)
  eden space 783360K, 0% used [0x000000076d000000,0x000000076d000000,0x000000079cd00000)
  from space 12800K, 77% used [0x000000079da80000,0x000000079e43cd78,0x000000079e700000)
  to   space 13824K, 0% used [0x000000079cd00000,0x000000079cd00000,0x000000079da80000)
 ParOldGen       total 167424K, used 31929K [0x00000006c7000000, 0x00000006d1380000, 0x000000076d000000)
  object space 167424K, 19% used [0x00000006c7000000,0x00000006c8f2e6f8,0x00000006d1380000)
 Metaspace       used 47624K, capacity 48130K, committed 48552K, reserved 1091584K
  class space    used 5857K, capacity 5967K, committed 6064K, reserved 1048576K
}
Event: 48.735 GC heap before
{Heap before GC invocations=21 (full 2):
 PSYoungGen      total 796160K, used 793331K [0x000000076d000000, 0x000000079f200000, 0x00000007c0000000)
  eden space 783360K, 100% used [0x000000076d000000,0x000000079cd00000,0x000000079cd00000)
  from space 12800K, 77% used [0x000000079da80000,0x000000079e43cd78,0x000000079e700000)
  to   space 13824K, 0% used [0x000000079cd00000,0x000000079cd00000,0x000000079da80000)
 ParOldGen       total 167424K, used 31929K [0x00000006c7000000, 0x00000006d1380000, 0x000000076d000000)
  object space 167424K, 19% used [0x00000006c7000000,0x00000006c8f2e6f8,0x00000006d1380000)
 Metaspace       used 49381K, capacity 49888K, committed 50344K, reserved 1093632K
  class space    used 6084K, capacity 6228K, committed 6320K, reserved 1048576K
Event: 48.796 GC heap after
Heap after GC invocations=21 (full 2):
 PSYoungGen      total 797184K, used 13808K [0x000000076d000000, 0x00000007a7b80000, 0x00000007c0000000)
  eden space 783360K, 0% used [0x000000076d000000,0x000000076d000000,0x000000079cd00000)
  from space 13824K, 99% used [0x000000079cd00000,0x000000079da7c030,0x000000079da80000)
  to   space 16384K, 0% used [0x00000007a6b80000,0x00000007a6b80000,0x00000007a7b80000)
 ParOldGen       total 167424K, used 33827K [0x00000006c7000000, 0x00000006d1380000, 0x000000076d000000)
  object space 167424K, 20% used [0x00000006c7000000,0x00000006c9108d70,0x00000006d1380000)
 Metaspace       used 49381K, capacity 49888K, committed 50344K, reserved 1093632K
  class space    used 6084K, capacity 6228K, committed 6320K, reserved 1048576K
}
Event: 66.065 GC heap before
{Heap before GC invocations=22 (full 2):
 PSYoungGen      total 797184K, used 797168K [0x000000076d000000, 0x00000007a7b80000, 0x00000007c0000000)
  eden space 783360K, 100% used [0x000000076d000000,0x000000079cd00000,0x000000079cd00000)
  from space 13824K, 99% used [0x000000079cd00000,0x000000079da7c030,0x000000079da80000)
  to   space 16384K, 0% used [0x00000007a6b80000,0x00000007a6b80000,0x00000007a7b80000)
 ParOldGen       total 167424K, used 33827K [0x00000006c7000000, 0x00000006d1380000, 0x000000076d000000)
  object space 167424K, 20% used [0x00000006c7000000,0x00000006c9108d70,0x00000006d1380000)
 Metaspace       used 54854K, capacity 55564K, committed 55976K, reserved 1097728K
  class space    used 6838K, capacity 6994K, committed 7088K, reserved 1048576K
Event: 66.131 GC heap after
Heap after GC invocations=22 (full 2):
 PSYoungGen      total 924672K, used 10699K [0x000000076d000000, 0x00000007a7600000, 0x00000007c0000000)
  eden space 913920K, 0% used [0x000000076d000000,0x000000076d000000,0x00000007a4c80000)
  from space 10752K, 99% used [0x00000007a6b80000,0x00000007a75f2cb8,0x00000007a7600000)
  to   space 16896K, 0% used [0x00000007a5500000,0x00000007a5500000,0x00000007a6580000)
 ParOldGen       total 167424K, used 39099K [0x00000006c7000000, 0x00000006d1380000, 0x000000076d000000)
  object space 167424K, 23% used [0x00000006c7000000,0x00000006c962ed90,0x00000006d1380000)
 Metaspace       used 54854K, capacity 55564K, committed 55976K, reserved 1097728K
  class space    used 6838K, capacity 6994K, committed 7088K, reserved 1048576K
}
Event: 67.063 GC heap before
{Heap before GC invocations=23 (full 2):
 PSYoungGen      total 924672K, used 292470K [0x000000076d000000, 0x00000007a7600000, 0x00000007c0000000)
  eden space 913920K, 30% used [0x000000076d000000,0x000000077e32ac90,0x00000007a4c80000)
  from space 10752K, 99% used [0x00000007a6b80000,0x00000007a75f2cb8,0x00000007a7600000)
  to   space 16896K, 0% used [0x00000007a5500000,0x00000007a5500000,0x00000007a6580000)
 ParOldGen       total 167424K, used 39099K [0x00000006c7000000, 0x00000006d1380000, 0x000000076d000000)
  object space 167424K, 23% used [0x00000006c7000000,0x00000006c962ed90,0x00000006d1380000)
 Metaspace       used 58222K, capacity 58960K, committed 59160K, reserved 1101824K
  class space    used 7302K, capacity 7522K, committed 7600K, reserved 1048576K

