# JRE version: OpenJDK Runtime Environment (8.0_181-b13) (build 1.8.0_181-8u181-b13-0ubuntu0.18.04.1-b13)
# Java VM: OpenJDK 64-Bit Server VM (25.181-b13 mixed mode linux-amd64 compressed oops)
Heap:
 PSYoungGen      total 1201152K, used 7387K [0x000000076d000000, 0x00000007bb300000, 0x00000007c0000000)
  eden space 1187840K, 0% used [0x000000076d000000,0x000000076d000000,0x00000007b5800000)
  from space 13312K, 55% used [0x00000007b5800000,0x00000007b5f36de0,0x00000007b6500000)
  to   space 13312K, 0% used [0x00000007b6500000,0x00000007b6500000,0x00000007b7200000)
 ParOldGen       total 148992K, used 39824K [0x00000006c7000000, 0x00000006d0180000, 0x000000076d000000)
  object space 148992K, 26% used [0x00000006c7000000,0x00000006c96e4090,0x00000006d0180000)
 Metaspace       used 51544K, capacity 52224K, committed 52440K, reserved 1095680K
  class space    used 6378K, capacity 6542K, committed 6656K, reserved 1048576K
GC Heap History (10 events):
Event: 23.391 GC heap after
Heap after GC invocations=12 (full 1):
 PSYoungGen      total 714752K, used 8738K [0x000000076d000000, 0x00000007a9380000, 0x00000007c0000000)
  eden space 704512K, 0% used [0x000000076d000000,0x000000076d000000,0x0000000798000000)
  from space 10240K, 85% used [0x0000000798000000,0x0000000798888830,0x0000000798a00000)
  to   space 11264K, 0% used [0x00000007a8880000,0x00000007a8880000,0x00000007a9380000)
 ParOldGen       total 94208K, used 17258K [0x00000006c7000000, 0x00000006ccc00000, 0x000000076d000000)
  object space 94208K, 18% used [0x00000006c7000000,0x00000006c80da9a8,0x00000006ccc00000)
 Metaspace       used 34764K, capacity 35200K, committed 35416K, reserved 1081344K
  class space    used 4272K, capacity 4408K, committed 4480K, reserved 1048576K
}
Event: 23.391 GC heap before
{Heap before GC invocations=13 (full 2):
 PSYoungGen      total 714752K, used 8738K [0x000000076d000000, 0x00000007a9380000, 0x00000007c0000000)
  eden space 704512K, 0% used [0x000000076d000000,0x000000076d000000,0x0000000798000000)
  from space 10240K, 85% used [0x0000000798000000,0x0000000798888830,0x0000000798a00000)
  to   space 11264K, 0% used [0x00000007a8880000,0x00000007a8880000,0x00000007a9380000)
 ParOldGen       total 94208K, used 17258K [0x00000006c7000000, 0x00000006ccc00000, 0x000000076d000000)
  object space 94208K, 18% used [0x00000006c7000000,0x00000006c80da9a8,0x00000006ccc00000)
 Metaspace       used 34764K, capacity 35200K, committed 35416K, reserved 1081344K
  class space    used 4272K, capacity 4408K, committed 4480K, reserved 1048576K
Event: 23.621 GC heap after
Heap after GC invocations=13 (full 2):
 PSYoungGen      total 714752K, used 0K [0x000000076d000000, 0x00000007a9380000, 0x00000007c0000000)
  eden space 704512K, 0% used [0x000000076d000000,0x000000076d000000,0x0000000798000000)
  from space 10240K, 0% used [0x0000000798000000,0x0000000798000000,0x0000000798a00000)
  to   space 11264K, 0% used [0x00000007a8880000,0x00000007a8880000,0x00000007a9380000)
 ParOldGen       total 148992K, used 19662K [0x00000006c7000000, 0x00000006d0180000, 0x000000076d000000)
  object space 148992K, 13% used [0x00000006c7000000,0x00000006c8333810,0x00000006d0180000)
 Metaspace       used 34764K, capacity 35200K, committed 35416K, reserved 1081344K
  class space    used 4272K, capacity 4408K, committed 4480K, reserved 1048576K
}
Event: 30.976 GC heap before
{Heap before GC invocations=14 (full 2):
 PSYoungGen      total 714752K, used 704512K [0x000000076d000000, 0x00000007a9380000, 0x00000007c0000000)
  eden space 704512K, 100% used [0x000000076d000000,0x0000000798000000,0x0000000798000000)
  from space 10240K, 0% used [0x0000000798000000,0x0000000798000000,0x0000000798a00000)
  to   space 11264K, 0% used [0x00000007a8880000,0x00000007a8880000,0x00000007a9380000)
 ParOldGen       total 148992K, used 19662K [0x00000006c7000000, 0x00000006d0180000, 0x000000076d000000)
  object space 148992K, 13% used [0x00000006c7000000,0x00000006c8333810,0x00000006d0180000)
 Metaspace       used 41254K, capacity 41736K, committed 41944K, reserved 1085440K
  class space    used 4970K, capacity 5088K, committed 5120K, reserved 1048576K
Event: 31.017 GC heap after
Heap after GC invocations=14 (full 2):
 PSYoungGen      total 931328K, used 11260K [0x000000076d000000, 0x00000007a9380000, 0x00000007c0000000)
  eden space 920064K, 0% used [0x000000076d000000,0x000000076d000000,0x00000007a5280000)
  from space 11264K, 99% used [0x00000007a8880000,0x00000007a937f388,0x00000007a9380000)
  to   space 13312K, 0% used [0x00000007a7980000,0x00000007a7980000,0x00000007a8680000)
 ParOldGen       total 148992K, used 20952K [0x00000006c7000000, 0x00000006d0180000, 0x000000076d000000)
  object space 148992K, 14% used [0x00000006c7000000,0x00000006c84763a8,0x00000006d0180000)
 Metaspace       used 41254K, capacity 41736K, committed 41944K, reserved 1085440K
  class space    used 4970K, capacity 5088K, committed 5120K, reserved 1048576K
}
Event: 39.199 GC heap before
{Heap before GC invocations=15 (full 2):
 PSYoungGen      total 931328K, used 931324K [0x000000076d000000, 0x00000007a9380000, 0x00000007c0000000)
  eden space 920064K, 100% used [0x000000076d000000,0x00000007a5280000,0x00000007a5280000)
  from space 11264K, 99% used [0x00000007a8880000,0x00000007a937f388,0x00000007a9380000)
  to   space 13312K, 0% used [0x00000007a7980000,0x00000007a7980000,0x00000007a8680000)
 ParOldGen       total 148992K, used 20952K [0x00000006c7000000, 0x00000006d0180000, 0x000000076d000000)
  object space 148992K, 14% used [0x00000006c7000000,0x00000006c84763a8,0x00000006d0180000)
 Metaspace       used 45470K, capacity 45916K, committed 46168K, reserved 1089536K
  class space    used 5586K, capacity 5704K, committed 5760K, reserved 1048576K
Event: 39.264 GC heap after
Heap after GC invocations=15 (full 2):
 PSYoungGen      total 973312K, used 7921K [0x000000076d000000, 0x00000007b7200000, 0x00000007c0000000)
  eden space 960000K, 0% used [0x000000076d000000,0x000000076d000000,0x00000007a7980000)
  from space 13312K, 59% used [0x00000007a7980000,0x00000007a813c7e8,0x00000007a8680000)
  to   space 13312K, 0% used [0x00000007b6500000,0x00000007b6500000,0x00000007b7200000)
 ParOldGen       total 148992K, used 30008K [0x00000006c7000000, 0x00000006d0180000, 0x000000076d000000)
  object space 148992K, 20% used [0x00000006c7000000,0x00000006c8d4e160,0x00000006d0180000)
 Metaspace       used 45470K, capacity 45916K, committed 46168K, reserved 1089536K
  class space    used 5586K, capacity 5704K, committed 5760K, reserved 1048576K
}
Event: 46.016 GC heap before
{Heap before GC invocations=16 (full 2):
 PSYoungGen      total 973312K, used 967921K [0x000000076d000000, 0x00000007b7200000, 0x00000007c0000000)
  eden space 960000K, 100% used [0x000000076d000000,0x00000007a7980000,0x00000007a7980000)
  from space 13312K, 59% used [0x00000007a7980000,0x00000007a813c7e8,0x00000007a8680000)
  to   space 13312K, 0% used [0x00000007b6500000,0x00000007b6500000,0x00000007b7200000)
 ParOldGen       total 148992K, used 30008K [0x00000006c7000000, 0x00000006d0180000, 0x000000076d000000)
  object space 148992K, 20% used [0x00000006c7000000,0x00000006c8d4e160,0x00000006d0180000)
 Metaspace       used 47982K, capacity 48524K, committed 48856K, reserved 1091584K
  class space    used 5899K, capacity 6032K, committed 6144K, reserved 1048576K
Event: 46.129 GC heap after
Heap after GC invocations=16 (full 2):
 PSYoungGen      total 1201152K, used 8229K [0x000000076d000000, 0x00000007bb300000, 0x00000007c0000000)
  eden space 1187840K, 0% used [0x000000076d000000,0x000000076d000000,0x00000007b5800000)
  from space 13312K, 61% used [0x00000007b6500000,0x00000007b6d09730,0x00000007b7200000)
  to   space 13312K, 0% used [0x00000007b5800000,0x00000007b5800000,0x00000007b6500000)
 ParOldGen       total 148992K, used 35440K [0x00000006c7000000, 0x00000006d0180000, 0x000000076d000000)
  object space 148992K, 23% used [0x00000006c7000000,0x00000006c929c070,0x00000006d0180000)
 Metaspace       used 47982K, capacity 48524K, committed 48856K, reserved 1091584K
  class space    used 5899K, capacity 6032K, committed 6144K, reserved 1048576K
}
Event: 57.427 GC heap before
{Heap before GC invocations=17 (full 2):
 PSYoungGen      total 1201152K, used 1196069K [0x000000076d000000, 0x00000007bb300000, 0x00000007c0000000)
  eden space 1187840K, 100% used [0x000000076d000000,0x00000007b5800000,0x00000007b5800000)
  from space 13312K, 61% used [0x00000007b6500000,0x00000007b6d09730,0x00000007b7200000)
  to   space 13312K, 0% used [0x00000007b5800000,0x00000007b5800000,0x00000007b6500000)
 ParOldGen       total 148992K, used 35440K [0x00000006c7000000, 0x00000006d0180000, 0x000000076d000000)
  object space 148992K, 23% used [0x00000006c7000000,0x00000006c929c070,0x00000006d0180000)
 Metaspace       used 51544K, capacity 52224K, committed 52440K, reserved 1095680K
  class space    used 6378K, capacity 6542K, committed 6656K, reserved 1048576K

