# JRE version: OpenJDK Runtime Environment (8.0_181-b13) (build 1.8.0_181-8u181-b13-0ubuntu0.18.04.1-b13)
# Java VM: OpenJDK 64-Bit Server VM (25.181-b13 mixed mode linux-amd64 compressed oops)
Heap:
 PSYoungGen      total 1057280K, used 14874K [0x000000076d000000, 0x00000007b0200000, 0x00000007c0000000)
  eden space 1040384K, 0% used [0x000000076d000000,0x000000076d000000,0x00000007ac800000)
  from space 16896K, 88% used [0x00000007ac800000,0x00000007ad686b80,0x00000007ad880000)
  to   space 17920K, 0% used [0x00000007ad880000,0x00000007ad880000,0x00000007aea00000)
 ParOldGen       total 167936K, used 34590K [0x00000006c7000000, 0x00000006d1400000, 0x000000076d000000)
  object space 167936K, 20% used [0x00000006c7000000,0x00000006c91c78b0,0x00000006d1400000)
 Metaspace       used 49708K, capacity 50336K, committed 50520K, reserved 1093632K
  class space    used 6120K, capacity 6270K, committed 6272K, reserved 1048576K
GC Heap History (10 events):
Event: 23.886 GC heap after
Heap after GC invocations=12 (full 1):
 PSYoungGen      total 675328K, used 10738K [0x000000076d000000, 0x00000007a1a00000, 0x00000007c0000000)
  eden space 664576K, 0% used [0x000000076d000000,0x000000076d000000,0x0000000795900000)
  from space 10752K, 99% used [0x0000000795900000,0x000000079637c938,0x0000000796380000)
  to   space 13824K, 0% used [0x00000007a0c80000,0x00000007a0c80000,0x00000007a1a00000)
 ParOldGen       total 101888K, used 15113K [0x00000006c7000000, 0x00000006cd380000, 0x000000076d000000)
  object space 101888K, 14% used [0x00000006c7000000,0x00000006c7ec25d0,0x00000006cd380000)
 Metaspace       used 34745K, capacity 35200K, committed 35416K, reserved 1081344K
  class space    used 4273K, capacity 4408K, committed 4480K, reserved 1048576K
}
Event: 23.886 GC heap before
{Heap before GC invocations=13 (full 2):
 PSYoungGen      total 675328K, used 10738K [0x000000076d000000, 0x00000007a1a00000, 0x00000007c0000000)
  eden space 664576K, 0% used [0x000000076d000000,0x000000076d000000,0x0000000795900000)
  from space 10752K, 99% used [0x0000000795900000,0x000000079637c938,0x0000000796380000)
  to   space 13824K, 0% used [0x00000007a0c80000,0x00000007a0c80000,0x00000007a1a00000)
 ParOldGen       total 101888K, used 15113K [0x00000006c7000000, 0x00000006cd380000, 0x000000076d000000)
  object space 101888K, 14% used [0x00000006c7000000,0x00000006c7ec25d0,0x00000006cd380000)
 Metaspace       used 34745K, capacity 35200K, committed 35416K, reserved 1081344K
  class space    used 4273K, capacity 4408K, committed 4480K, reserved 1048576K
Event: 24.085 GC heap after
Heap after GC invocations=13 (full 2):
 PSYoungGen      total 675328K, used 0K [0x000000076d000000, 0x00000007a1a00000, 0x00000007c0000000)
  eden space 664576K, 0% used [0x000000076d000000,0x000000076d000000,0x0000000795900000)
  from space 10752K, 0% used [0x0000000795900000,0x0000000795900000,0x0000000796380000)
  to   space 13824K, 0% used [0x00000007a0c80000,0x00000007a0c80000,0x00000007a1a00000)
 ParOldGen       total 167936K, used 19803K [0x00000006c7000000, 0x00000006d1400000, 0x000000076d000000)
  object space 167936K, 11% used [0x00000006c7000000,0x00000006c8356f10,0x00000006d1400000)
 Metaspace       used 34745K, capacity 35200K, committed 35416K, reserved 1081344K
  class space    used 4273K, capacity 4408K, committed 4480K, reserved 1048576K
}
Event: 31.530 GC heap before
{Heap before GC invocations=14 (full 2):
 PSYoungGen      total 675328K, used 664576K [0x000000076d000000, 0x00000007a1a00000, 0x00000007c0000000)
  eden space 664576K, 100% used [0x000000076d000000,0x0000000795900000,0x0000000795900000)
  from space 10752K, 0% used [0x0000000795900000,0x0000000795900000,0x0000000796380000)
  to   space 13824K, 0% used [0x00000007a0c80000,0x00000007a0c80000,0x00000007a1a00000)
 ParOldGen       total 167936K, used 19803K [0x00000006c7000000, 0x00000006d1400000, 0x000000076d000000)
  object space 167936K, 11% used [0x00000006c7000000,0x00000006c8356f10,0x00000006d1400000)
 Metaspace       used 41205K, capacity 41602K, committed 41944K, reserved 1085440K
  class space    used 4964K, capacity 5087K, committed 5120K, reserved 1048576K
Event: 31.574 GC heap after
Heap after GC invocations=14 (full 2):
 PSYoungGen      total 846848K, used 12315K [0x000000076d000000, 0x00000007a1d00000, 0x00000007c0000000)
  eden space 833024K, 0% used [0x000000076d000000,0x000000076d000000,0x000000079fd80000)
  from space 13824K, 89% used [0x00000007a0c80000,0x00000007a1886cf8,0x00000007a1a00000)
  to   space 15360K, 0% used [0x000000079fd80000,0x000000079fd80000,0x00000007a0c80000)
 ParOldGen       total 167936K, used 19811K [0x00000006c7000000, 0x00000006d1400000, 0x000000076d000000)
  object space 167936K, 11% used [0x00000006c7000000,0x00000006c8358f10,0x00000006d1400000)
 Metaspace       used 41205K, capacity 41602K, committed 41944K, reserved 1085440K
  class space    used 4964K, capacity 5087K, committed 5120K, reserved 1048576K
}
Event: 39.021 GC heap before
{Heap before GC invocations=15 (full 2):
 PSYoungGen      total 846848K, used 845339K [0x000000076d000000, 0x00000007a1d00000, 0x00000007c0000000)
  eden space 833024K, 100% used [0x000000076d000000,0x000000079fd80000,0x000000079fd80000)
  from space 13824K, 89% used [0x00000007a0c80000,0x00000007a1886cf8,0x00000007a1a00000)
  to   space 15360K, 0% used [0x000000079fd80000,0x000000079fd80000,0x00000007a0c80000)
 ParOldGen       total 167936K, used 19811K [0x00000006c7000000, 0x00000006d1400000, 0x000000076d000000)
  object space 167936K, 11% used [0x00000006c7000000,0x00000006c8358f10,0x00000006d1400000)
 Metaspace       used 45294K, capacity 45784K, committed 46168K, reserved 1089536K
  class space    used 5566K, capacity 5704K, committed 5760K, reserved 1048576K
Event: 39.079 GC heap after
Heap after GC invocations=15 (full 2):
 PSYoungGen      total 848384K, used 15355K [0x000000076d000000, 0x00000007aea00000, 0x00000007c0000000)
  eden space 833024K, 0% used [0x000000076d000000,0x000000076d000000,0x000000079fd80000)
  from space 15360K, 99% used [0x000000079fd80000,0x00000007a0c7ee38,0x00000007a0c80000)
  to   space 17920K, 0% used [0x00000007ad880000,0x00000007ad880000,0x00000007aea00000)
 ParOldGen       total 167936K, used 20741K [0x00000006c7000000, 0x00000006d1400000, 0x000000076d000000)
  object space 167936K, 12% used [0x00000006c7000000,0x00000006c84415c8,0x00000006d1400000)
 Metaspace       used 45294K, capacity 45784K, committed 46168K, reserved 1089536K
  class space    used 5566K, capacity 5704K, committed 5760K, reserved 1048576K
}
Event: 44.364 GC heap before
{Heap before GC invocations=16 (full 2):
 PSYoungGen      total 848384K, used 848379K [0x000000076d000000, 0x00000007aea00000, 0x00000007c0000000)
  eden space 833024K, 100% used [0x000000076d000000,0x000000079fd80000,0x000000079fd80000)
  from space 15360K, 99% used [0x000000079fd80000,0x00000007a0c7ee38,0x00000007a0c80000)
  to   space 17920K, 0% used [0x00000007ad880000,0x00000007ad880000,0x00000007aea00000)
 ParOldGen       total 167936K, used 20741K [0x00000006c7000000, 0x00000006d1400000, 0x000000076d000000)
  object space 167936K, 12% used [0x00000006c7000000,0x00000006c84415c8,0x00000006d1400000)
 Metaspace       used 47150K, capacity 47622K, committed 47960K, reserved 1091584K
  class space    used 5793K, capacity 5903K, committed 6016K, reserved 1048576K
Event: 44.461 GC heap after
Heap after GC invocations=16 (full 2):
 PSYoungGen      total 1058304K, used 7025K [0x000000076d000000, 0x00000007b0200000, 0x00000007c0000000)
  eden space 1040384K, 0% used [0x000000076d000000,0x000000076d000000,0x00000007ac800000)
  from space 17920K, 39% used [0x00000007ad880000,0x00000007adf5c470,0x00000007aea00000)
  to   space 16896K, 0% used [0x00000007ac800000,0x00000007ac800000,0x00000007ad880000)
 ParOldGen       total 167936K, used 34582K [0x00000006c7000000, 0x00000006d1400000, 0x000000076d000000)
  object space 167936K, 20% used [0x00000006c7000000,0x00000006c91c58b0,0x00000006d1400000)
 Metaspace       used 47150K, capacity 47622K, committed 47960K, reserved 1091584K
  class space    used 5793K, capacity 5903K, committed 6016K, reserved 1048576K
}
Event: 50.411 GC heap before
{Heap before GC invocations=17 (full 2):
 PSYoungGen      total 1058304K, used 1047409K [0x000000076d000000, 0x00000007b0200000, 0x00000007c0000000)
  eden space 1040384K, 100% used [0x000000076d000000,0x00000007ac800000,0x00000007ac800000)
  from space 17920K, 39% used [0x00000007ad880000,0x00000007adf5c470,0x00000007aea00000)
  to   space 16896K, 0% used [0x00000007ac800000,0x00000007ac800000,0x00000007ad880000)
 ParOldGen       total 167936K, used 34582K [0x00000006c7000000, 0x00000006d1400000, 0x000000076d000000)
  object space 167936K, 20% used [0x00000006c7000000,0x00000006c91c58b0,0x00000006d1400000)
 Metaspace       used 49708K, capacity 50336K, committed 50520K, reserved 1093632K
  class space    used 6120K, capacity 6270K, committed 6272K, reserved 1048576K

